<?xml version="1.0" encoding="UTF-8"?>
<coverage generated="1704953268367" clover="3.2.0">
  <project timestamp="1704953268367" name="All files">
    <metrics statements="111" coveredstatements="105" conditionals="20" coveredconditionals="15" methods="42" coveredmethods="37" elements="173" coveredelements="157" complexity="0" loc="111" ncloc="111" packages="2" files="16" classes="16"/>
    <package name="components">
      <metrics statements="83" coveredstatements="80" conditionals="20" coveredconditionals="15" methods="32" coveredmethods="30"/>
      <file name="Body.js" path="C:\Users\Saiteja NV\Desktop\Chikki2.0\Chikki2.0\React\namaste-react\src\components\Body.js">
        <metrics statements="27" coveredstatements="25" conditionals="6" coveredconditionals="4" methods="10" coveredmethods="9"/>
        <line num="8" count="1" type="stmt"/>
        <line num="10" count="7" type="stmt"/>
        <line num="11" count="7" type="stmt"/>
        <line num="13" count="7" type="stmt"/>
        <line num="15" count="7" type="stmt"/>
        <line num="19" count="7" type="stmt"/>
        <line num="20" count="2" type="stmt"/>
        <line num="23" count="7" type="stmt"/>
        <line num="24" count="2" type="stmt"/>
        <line num="28" count="2" type="stmt"/>
        <line num="31" count="2" type="stmt"/>
        <line num="34" count="2" type="stmt"/>
        <line num="39" count="7" type="stmt"/>
        <line num="41" count="7" type="cond" truecount="1" falsecount="1"/>
        <line num="42" count="0" type="stmt"/>
        <line num="48" count="7" type="stmt"/>
        <line num="50" count="7" type="cond" truecount="2" falsecount="0"/>
        <line num="62" count="1" type="stmt"/>
        <line num="70" count="1" type="stmt"/>
        <line num="72" count="1" type="stmt"/>
        <line num="73" count="20" type="stmt"/>
        <line num="76" count="1" type="stmt"/>
        <line num="86" count="1" type="stmt"/>
        <line num="87" count="20" type="stmt"/>
        <line num="89" count="1" type="stmt"/>
        <line num="100" count="0" type="stmt"/>
        <line num="106" count="80" type="stmt"/>
      </file>
      <file name="Cart.js" path="C:\Users\Saiteja NV\Desktop\Chikki2.0\Chikki2.0\React\namaste-react\src\components\Cart.js">
        <metrics statements="6" coveredstatements="6" conditionals="2" coveredconditionals="2" methods="3" coveredmethods="3"/>
        <line num="5" count="1" type="stmt"/>
        <line num="7" count="8" type="stmt"/>
        <line num="9" count="4" type="stmt"/>
        <line num="11" count="4" type="stmt"/>
        <line num="12" count="1" type="stmt"/>
        <line num="15" count="4" type="stmt"/>
      </file>
      <file name="Contact.js" path="C:\Users\Saiteja NV\Desktop\Chikki2.0\Chikki2.0\React\namaste-react\src\components\Contact.js">
        <metrics statements="2" coveredstatements="2" conditionals="0" coveredconditionals="0" methods="1" coveredmethods="1"/>
        <line num="1" count="1" type="stmt"/>
        <line num="2" count="4" type="stmt"/>
      </file>
      <file name="Header.js" path="C:\Users\Saiteja NV\Desktop\Chikki2.0\Chikki2.0\React\namaste-react\src\components\Header.js">
        <metrics statements="8" coveredstatements="8" conditionals="4" coveredconditionals="2" methods="3" coveredmethods="3"/>
        <line num="8" count="2" type="stmt"/>
        <line num="10" count="9" type="stmt"/>
        <line num="12" count="9" type="stmt"/>
        <line num="14" count="9" type="stmt"/>
        <line num="15" count="9" type="stmt"/>
        <line num="18" count="17" type="stmt"/>
        <line num="20" count="9" type="stmt"/>
        <line num="45" count="1" type="cond" truecount="1" falsecount="1"/>
      </file>
      <file name="ItemLits.js" path="C:\Users\Saiteja NV\Desktop\Chikki2.0\Chikki2.0\React\namaste-react\src\components\ItemLits.js">
        <metrics statements="7" coveredstatements="7" conditionals="2" coveredconditionals="1" methods="4" coveredmethods="4"/>
        <line num="5" count="1" type="stmt"/>
        <line num="7" count="5" type="stmt"/>
        <line num="9" count="5" type="stmt"/>
        <line num="11" count="2" type="stmt"/>
        <line num="14" count="5" type="stmt"/>
        <line num="16" count="11" type="stmt"/>
        <line num="26" count="2" type="stmt"/>
      </file>
      <file name="RestaurantCard.js" path="C:\Users\Saiteja NV\Desktop\Chikki2.0\Chikki2.0\React\namaste-react\src\components\RestaurantCard.js">
        <metrics statements="8" coveredstatements="7" conditionals="0" coveredconditionals="0" methods="3" coveredmethods="2"/>
        <line num="5" count="2" type="stmt"/>
        <line num="6" count="81" type="stmt"/>
        <line num="7" count="81" type="stmt"/>
        <line num="16" count="81" type="stmt"/>
        <line num="18" count="81" type="stmt"/>
        <line num="42" count="2" type="stmt"/>
        <line num="43" count="7" type="stmt"/>
        <line num="44" count="0" type="stmt"/>
      </file>
      <file name="RestaurantCategory.js" path="C:\Users\Saiteja NV\Desktop\Chikki2.0\Chikki2.0\React\namaste-react\src\components\RestaurantCategory.js">
        <metrics statements="4" coveredstatements="4" conditionals="2" coveredconditionals="2" methods="2" coveredmethods="2"/>
        <line num="4" count="1" type="stmt"/>
        <line num="6" count="12" type="stmt"/>
        <line num="7" count="1" type="stmt"/>
        <line num="9" count="12" type="stmt"/>
      </file>
      <file name="RestaurantMenu.js" path="C:\Users\Saiteja NV\Desktop\Chikki2.0\Chikki2.0\React\namaste-react\src\components\RestaurantMenu.js">
        <metrics statements="17" coveredstatements="17" conditionals="4" coveredconditionals="4" methods="4" coveredmethods="4"/>
        <line num="7" count="1" type="stmt"/>
        <line num="9" count="3" type="stmt"/>
        <line num="11" count="3" type="stmt"/>
        <line num="13" count="3" type="stmt"/>
        <line num="15" count="3" type="cond" truecount="2" falsecount="0"/>
        <line num="18" count="2" type="stmt"/>
        <line num="20" count="2" type="stmt"/>
        <line num="22" count="2" type="stmt"/>
        <line num="23" count="22" type="stmt"/>
        <line num="26" count="2" type="stmt"/>
        <line num="27" count="2" type="stmt"/>
        <line num="39" count="12" type="stmt"/>
        <line num="40" count="12" type="stmt"/>
        <line num="41" count="12" type="stmt"/>
        <line num="42" count="12" type="stmt"/>
        <line num="43" count="12" type="stmt"/>
        <line num="48" count="1" type="stmt"/>
      </file>
      <file name="Shimmer.js" path="C:\Users\Saiteja NV\Desktop\Chikki2.0\Chikki2.0\React\namaste-react\src\components\Shimmer.js">
        <metrics statements="2" coveredstatements="2" conditionals="0" coveredconditionals="0" methods="1" coveredmethods="1"/>
        <line num="1" count="2" type="stmt"/>
        <line num="2" count="3" type="stmt"/>
      </file>
      <file name="sum.js" path="C:\Users\Saiteja NV\Desktop\Chikki2.0\Chikki2.0\React\namaste-react\src\components\sum.js">
        <metrics statements="2" coveredstatements="2" conditionals="0" coveredconditionals="0" methods="1" coveredmethods="1"/>
        <line num="1" count="1" type="stmt"/>
        <line num="2" count="1" type="stmt"/>
      </file>
    </package>
    <package name="utils">
      <metrics statements="28" coveredstatements="25" conditionals="0" coveredconditionals="0" methods="10" coveredmethods="7"/>
      <file name="UserContext.js" path="C:\Users\Saiteja NV\Desktop\Chikki2.0\Chikki2.0\React\namaste-react\src\utils\UserContext.js">
        <metrics statements="1" coveredstatements="1" conditionals="0" coveredconditionals="0" methods="0" coveredmethods="0"/>
        <line num="3" count="4" type="stmt"/>
      </file>
      <file name="appStore.js" path="C:\Users\Saiteja NV\Desktop\Chikki2.0\Chikki2.0\React\namaste-react\src\utils\appStore.js">
        <metrics statements="2" coveredstatements="2" conditionals="0" coveredconditionals="0" methods="0" coveredmethods="0"/>
        <line num="1" count="2" type="stmt"/>
        <line num="4" count="2" type="stmt"/>
      </file>
      <file name="cartSlice.js" path="C:\Users\Saiteja NV\Desktop\Chikki2.0\Chikki2.0\React\namaste-react\src\utils\cartSlice.js">
        <metrics statements="5" coveredstatements="4" conditionals="0" coveredconditionals="0" methods="3" coveredmethods="2"/>
        <line num="3" count="2" type="stmt"/>
        <line num="11" count="2" type="stmt"/>
        <line num="14" count="0" type="stmt"/>
        <line num="17" count="1" type="stmt"/>
        <line num="22" count="2" type="stmt"/>
      </file>
      <file name="constants.js" path="C:\Users\Saiteja NV\Desktop\Chikki2.0\Chikki2.0\React\namaste-react\src\utils\constants.js">
        <metrics statements="3" coveredstatements="3" conditionals="0" coveredconditionals="0" methods="0" coveredmethods="0"/>
        <line num="1" count="4" type="stmt"/>
        <line num="3" count="4" type="stmt"/>
        <line num="5" count="4" type="stmt"/>
      </file>
      <file name="useOnlineStatus.js" path="C:\Users\Saiteja NV\Desktop\Chikki2.0\Chikki2.0\React\namaste-react\src\utils\useOnlineStatus.js">
        <metrics statements="8" coveredstatements="6" conditionals="0" coveredconditionals="0" methods="4" coveredmethods="2"/>
        <line num="3" count="3" type="stmt"/>
        <line num="6" count="16" type="stmt"/>
        <line num="8" count="16" type="stmt"/>
        <line num="10" count="7" type="stmt"/>
        <line num="11" count="0" type="stmt"/>
        <line num="14" count="7" type="stmt"/>
        <line num="15" count="0" type="stmt"/>
        <line num="20" count="16" type="stmt"/>
      </file>
      <file name="useRestaurantMenu.js" path="C:\Users\Saiteja NV\Desktop\Chikki2.0\Chikki2.0\React\namaste-react\src\utils\useRestaurantMenu.js">
        <metrics statements="9" coveredstatements="9" conditionals="0" coveredconditionals="0" methods="3" coveredmethods="3"/>
        <line num="4" count="1" type="stmt"/>
        <line num="6" count="3" type="stmt"/>
        <line num="8" count="3" type="stmt"/>
        <line num="9" count="1" type="stmt"/>
        <line num="12" count="3" type="stmt"/>
        <line num="13" count="1" type="stmt"/>
        <line num="14" count="1" type="stmt"/>
        <line num="15" count="1" type="stmt"/>
        <line num="18" count="3" type="stmt"/>
      </file>
    </package>
  </project>
</coverage>
