{"C:\\Users\\Saiteja NV\\Desktop\\Chikki2.0\\Chikki2.0\\React\\namaste-react\\src\\components\\Body.js": {"path":"C:\\Users\\Saiteja NV\\Desktop\\Chikki2.0\\Chikki2.0\\React\\namaste-react\\src\\components\\Body.js","statementMap":{"0":{"start":{"line":8,"column":13},"end":{"line":120,"column":1}},"1":{"start":{"line":10,"column":50},"end":{"line":10,"column":62}},"2":{"start":{"line":11,"column":54},"end":{"line":11,"column":66}},"3":{"start":{"line":13,"column":38},"end":{"line":13,"column":50}},"4":{"start":{"line":15,"column":33},"end":{"line":15,"column":65}},"5":{"start":{"line":19,"column":2},"end":{"line":21,"column":9}},"6":{"start":{"line":20,"column":4},"end":{"line":20,"column":16}},"7":{"start":{"line":23,"column":20},"end":{"line":37,"column":3}},"8":{"start":{"line":24,"column":17},"end":{"line":26,"column":5}},"9":{"start":{"line":28,"column":17},"end":{"line":28,"column":34}},"10":{"start":{"line":31,"column":4},"end":{"line":33,"column":6}},"11":{"start":{"line":34,"column":4},"end":{"line":36,"column":6}},"12":{"start":{"line":39,"column":23},"end":{"line":39,"column":40}},"13":{"start":{"line":41,"column":2},"end":{"line":46,"column":6}},"14":{"start":{"line":42,"column":4},"end":{"line":46,"column":6}},"15":{"start":{"line":48,"column":40},"end":{"line":48,"column":63}},"16":{"start":{"line":50,"column":2},"end":{"line":119,"column":4}},"17":{"start":{"line":62,"column":14},"end":{"line":62,"column":44}},"18":{"start":{"line":70,"column":14},"end":{"line":70,"column":38}},"19":{"start":{"line":72,"column":41},"end":{"line":74,"column":15}},"20":{"start":{"line":73,"column":16},"end":{"line":73,"column":78}},"21":{"start":{"line":76,"column":14},"end":{"line":76,"column":56}},"22":{"start":{"line":86,"column":35},"end":{"line":88,"column":15}},"23":{"start":{"line":87,"column":25},"end":{"line":87,"column":47}},"24":{"start":{"line":89,"column":14},"end":{"line":89,"column":50}},"25":{"start":{"line":100,"column":29},"end":{"line":100,"column":56}},"26":{"start":{"line":106,"column":10},"end":{"line":115,"column":17}}},"fnMap":{"0":{"name":"(anonymous_0)","decl":{"start":{"line":8,"column":13},"end":{"line":8,"column":14}},"loc":{"start":{"line":8,"column":19},"end":{"line":120,"column":1}},"line":8},"1":{"name":"(anonymous_1)","decl":{"start":{"line":19,"column":12},"end":{"line":19,"column":13}},"loc":{"start":{"line":19,"column":18},"end":{"line":21,"column":3}},"line":19},"2":{"name":"(anonymous_2)","decl":{"start":{"line":23,"column":20},"end":{"line":23,"column":21}},"loc":{"start":{"line":23,"column":32},"end":{"line":37,"column":3}},"line":23},"3":{"name":"(anonymous_3)","decl":{"start":{"line":61,"column":22},"end":{"line":61,"column":23}},"loc":{"start":{"line":61,"column":29},"end":{"line":63,"column":13}},"line":61},"4":{"name":"(anonymous_4)","decl":{"start":{"line":67,"column":21},"end":{"line":67,"column":22}},"loc":{"start":{"line":67,"column":27},"end":{"line":77,"column":13}},"line":67},"5":{"name":"(anonymous_5)","decl":{"start":{"line":72,"column":66},"end":{"line":72,"column":67}},"loc":{"start":{"line":73,"column":16},"end":{"line":73,"column":78}},"line":73},"6":{"name":"(anonymous_6)","decl":{"start":{"line":85,"column":21},"end":{"line":85,"column":22}},"loc":{"start":{"line":85,"column":27},"end":{"line":90,"column":13}},"line":85},"7":{"name":"(anonymous_7)","decl":{"start":{"line":87,"column":16},"end":{"line":87,"column":17}},"loc":{"start":{"line":87,"column":25},"end":{"line":87,"column":47}},"line":87},"8":{"name":"(anonymous_8)","decl":{"start":{"line":100,"column":22},"end":{"line":100,"column":23}},"loc":{"start":{"line":100,"column":29},"end":{"line":100,"column":56}},"line":100},"9":{"name":"(anonymous_9)","decl":{"start":{"line":105,"column":32},"end":{"line":105,"column":33}},"loc":{"start":{"line":106,"column":10},"end":{"line":115,"column":17}},"line":106}},"branchMap":{"0":{"loc":{"start":{"line":41,"column":2},"end":{"line":46,"column":6}},"type":"if","locations":[{"start":{"line":41,"column":2},"end":{"line":46,"column":6}},{"start":{},"end":{}}],"line":41},"1":{"loc":{"start":{"line":50,"column":9},"end":{"line":119,"column":3}},"type":"cond-expr","locations":[{"start":{"line":51,"column":4},"end":{"line":51,"column":15}},{"start":{"line":53,"column":4},"end":{"line":118,"column":10}}],"line":50},"2":{"loc":{"start":{"line":110,"column":13},"end":{"line":114,"column":13}},"type":"cond-expr","locations":[{"start":{"line":111,"column":14},"end":{"line":111,"column":67}},{"start":{"line":113,"column":14},"end":{"line":113,"column":59}}],"line":110}},"s":{"0":1,"1":7,"2":7,"3":7,"4":7,"5":7,"6":2,"7":7,"8":2,"9":2,"10":2,"11":2,"12":7,"13":7,"14":0,"15":7,"16":7,"17":1,"18":1,"19":1,"20":20,"21":1,"22":1,"23":20,"24":1,"25":0,"26":80},"f":{"0":7,"1":2,"2":2,"3":1,"4":1,"5":20,"6":1,"7":20,"8":0,"9":80},"b":{"0":[0,7],"1":[2,5],"2":[0,80]},"_coverageSchema":"1a1c01bbd47fc00a2c39e90264f33305004495a9","hash":"6571f3ef327385cbdcee78abf5567aa84494aef6"}
,"C:\\Users\\Saiteja NV\\Desktop\\Chikki2.0\\Chikki2.0\\React\\namaste-react\\src\\components\\Cart.js": {"path":"C:\\Users\\Saiteja NV\\Desktop\\Chikki2.0\\Chikki2.0\\React\\namaste-react\\src\\components\\Cart.js","statementMap":{"0":{"start":{"line":5,"column":13},"end":{"line":25,"column":1}},"1":{"start":{"line":7,"column":22},"end":{"line":7,"column":62}},"2":{"start":{"line":7,"column":45},"end":{"line":7,"column":61}},"3":{"start":{"line":9,"column":21},"end":{"line":9,"column":34}},"4":{"start":{"line":11,"column":28},"end":{"line":13,"column":5}},"5":{"start":{"line":12,"column":8},"end":{"line":12,"column":30}},"6":{"start":{"line":15,"column":4},"end":{"line":24,"column":5}}},"fnMap":{"0":{"name":"(anonymous_0)","decl":{"start":{"line":5,"column":13},"end":{"line":5,"column":14}},"loc":{"start":{"line":5,"column":19},"end":{"line":25,"column":1}},"line":5},"1":{"name":"(anonymous_1)","decl":{"start":{"line":7,"column":34},"end":{"line":7,"column":35}},"loc":{"start":{"line":7,"column":45},"end":{"line":7,"column":61}},"line":7},"2":{"name":"(anonymous_2)","decl":{"start":{"line":11,"column":28},"end":{"line":11,"column":29}},"loc":{"start":{"line":11,"column":34},"end":{"line":13,"column":5}},"line":11}},"branchMap":{"0":{"loc":{"start":{"line":20,"column":17},"end":{"line":20,"column":89}},"type":"binary-expr","locations":[{"start":{"line":20,"column":17},"end":{"line":20,"column":39}},{"start":{"line":20,"column":43},"end":{"line":20,"column":89}}],"line":20}},"s":{"0":1,"1":4,"2":8,"3":4,"4":4,"5":1,"6":4},"f":{"0":4,"1":8,"2":1},"b":{"0":[4,2]},"_coverageSchema":"1a1c01bbd47fc00a2c39e90264f33305004495a9","hash":"deb8b00f86371f422c0be815eb835655ddb301d7"}
,"C:\\Users\\Saiteja NV\\Desktop\\Chikki2.0\\Chikki2.0\\React\\namaste-react\\src\\components\\Contact.js": {"path":"C:\\Users\\Saiteja NV\\Desktop\\Chikki2.0\\Chikki2.0\\React\\namaste-react\\src\\components\\Contact.js","statementMap":{"0":{"start":{"line":1,"column":16},"end":{"line":12,"column":1}},"1":{"start":{"line":2,"column":4},"end":{"line":11,"column":5}}},"fnMap":{"0":{"name":"(anonymous_0)","decl":{"start":{"line":1,"column":16},"end":{"line":1,"column":17}},"loc":{"start":{"line":1,"column":22},"end":{"line":12,"column":1}},"line":1}},"branchMap":{},"s":{"0":1,"1":4},"f":{"0":4},"b":{},"_coverageSchema":"1a1c01bbd47fc00a2c39e90264f33305004495a9","hash":"2fbf868941804cfe577892b590d7750c534d49d6"}
,"C:\\Users\\Saiteja NV\\Desktop\\Chikki2.0\\Chikki2.0\\React\\namaste-react\\src\\components\\Header.js": {"path":"C:\\Users\\Saiteja NV\\Desktop\\Chikki2.0\\Chikki2.0\\React\\namaste-react\\src\\components\\Header.js","statementMap":{"0":{"start":{"line":8,"column":16},"end":{"line":51,"column":1}},"1":{"start":{"line":10,"column":34},"end":{"line":10,"column":51}},"2":{"start":{"line":12,"column":25},"end":{"line":12,"column":42}},"3":{"start":{"line":14,"column":27},"end":{"line":14,"column":50}},"4":{"start":{"line":15,"column":4},"end":{"line":15,"column":30}},"5":{"start":{"line":18,"column":22},"end":{"line":18,"column":62}},"6":{"start":{"line":18,"column":45},"end":{"line":18,"column":61}},"7":{"start":{"line":20,"column":4},"end":{"line":50,"column":5}},"8":{"start":{"line":45,"column":66},"end":{"line":45,"column":130}}},"fnMap":{"0":{"name":"(anonymous_0)","decl":{"start":{"line":8,"column":16},"end":{"line":8,"column":17}},"loc":{"start":{"line":8,"column":22},"end":{"line":51,"column":1}},"line":8},"1":{"name":"(anonymous_1)","decl":{"start":{"line":18,"column":34},"end":{"line":18,"column":35}},"loc":{"start":{"line":18,"column":45},"end":{"line":18,"column":61}},"line":18},"2":{"name":"(anonymous_2)","decl":{"start":{"line":45,"column":59},"end":{"line":45,"column":60}},"loc":{"start":{"line":45,"column":65},"end":{"line":45,"column":131}},"line":45}},"branchMap":{"0":{"loc":{"start":{"line":28,"column":40},"end":{"line":28,"column":65}},"type":"cond-expr","locations":[{"start":{"line":28,"column":55},"end":{"line":28,"column":58}},{"start":{"line":28,"column":61},"end":{"line":28,"column":65}}],"line":28},"1":{"loc":{"start":{"line":45,"column":66},"end":{"line":45,"column":130}},"type":"cond-expr","locations":[{"start":{"line":45,"column":88},"end":{"line":45,"column":108}},{"start":{"line":45,"column":111},"end":{"line":45,"column":130}}],"line":45}},"s":{"0":2,"1":9,"2":9,"3":9,"4":9,"5":9,"6":17,"7":9,"8":1},"f":{"0":9,"1":17,"2":1},"b":{"0":[9,0],"1":[1,0]},"_coverageSchema":"1a1c01bbd47fc00a2c39e90264f33305004495a9","hash":"9984a084eead3f5a09b12b01a34712bb88ef1213"}
,"C:\\Users\\Saiteja NV\\Desktop\\Chikki2.0\\Chikki2.0\\React\\namaste-react\\src\\components\\ItemLits.js": {"path":"C:\\Users\\Saiteja NV\\Desktop\\Chikki2.0\\Chikki2.0\\React\\namaste-react\\src\\components\\ItemLits.js","statementMap":{"0":{"start":{"line":5,"column":17},"end":{"line":33,"column":1}},"1":{"start":{"line":7,"column":21},"end":{"line":7,"column":34}},"2":{"start":{"line":9,"column":26},"end":{"line":12,"column":5}},"3":{"start":{"line":11,"column":8},"end":{"line":11,"column":32}},"4":{"start":{"line":14,"column":4},"end":{"line":32,"column":10}},"5":{"start":{"line":16,"column":12},"end":{"line":30,"column":18}},"6":{"start":{"line":26,"column":110},"end":{"line":26,"column":129}}},"fnMap":{"0":{"name":"(anonymous_0)","decl":{"start":{"line":5,"column":17},"end":{"line":5,"column":18}},"loc":{"start":{"line":5,"column":30},"end":{"line":33,"column":1}},"line":5},"1":{"name":"(anonymous_1)","decl":{"start":{"line":9,"column":26},"end":{"line":9,"column":27}},"loc":{"start":{"line":9,"column":36},"end":{"line":12,"column":5}},"line":9},"2":{"name":"(anonymous_2)","decl":{"start":{"line":15,"column":19},"end":{"line":15,"column":20}},"loc":{"start":{"line":16,"column":12},"end":{"line":30,"column":18}},"line":16},"3":{"name":"(anonymous_3)","decl":{"start":{"line":26,"column":104},"end":{"line":26,"column":105}},"loc":{"start":{"line":26,"column":110},"end":{"line":26,"column":129}},"line":26}},"branchMap":{"0":{"loc":{"start":{"line":20,"column":35},"end":{"line":20,"column":116}},"type":"cond-expr","locations":[{"start":{"line":20,"column":58},"end":{"line":20,"column":82}},{"start":{"line":20,"column":85},"end":{"line":20,"column":116}}],"line":20}},"s":{"0":1,"1":5,"2":5,"3":2,"4":5,"5":11,"6":2},"f":{"0":5,"1":2,"2":11,"3":2},"b":{"0":[11,0]},"_coverageSchema":"1a1c01bbd47fc00a2c39e90264f33305004495a9","hash":"3125e1f5e607cd0bef4b6f0ba68147f1f1b6bcc5"}
,"C:\\Users\\Saiteja NV\\Desktop\\Chikki2.0\\Chikki2.0\\React\\namaste-react\\src\\components\\RestaurantCard.js": {"path":"C:\\Users\\Saiteja NV\\Desktop\\Chikki2.0\\Chikki2.0\\React\\namaste-react\\src\\components\\RestaurantCard.js","statementMap":{"0":{"start":{"line":5,"column":23},"end":{"line":36,"column":1}},"1":{"start":{"line":6,"column":22},"end":{"line":6,"column":27}},"2":{"start":{"line":7,"column":27},"end":{"line":7,"column":50}},"3":{"start":{"line":16,"column":6},"end":{"line":16,"column":13}},"4":{"start":{"line":18,"column":2},"end":{"line":35,"column":4}},"5":{"start":{"line":42,"column":32},"end":{"line":53,"column":1}},"6":{"start":{"line":43,"column":2},"end":{"line":52,"column":4}},"7":{"start":{"line":44,"column":4},"end":{"line":51,"column":6}}},"fnMap":{"0":{"name":"(anonymous_0)","decl":{"start":{"line":5,"column":23},"end":{"line":5,"column":24}},"loc":{"start":{"line":5,"column":34},"end":{"line":36,"column":1}},"line":5},"1":{"name":"(anonymous_1)","decl":{"start":{"line":42,"column":32},"end":{"line":42,"column":33}},"loc":{"start":{"line":42,"column":52},"end":{"line":53,"column":1}},"line":42},"2":{"name":"(anonymous_2)","decl":{"start":{"line":43,"column":9},"end":{"line":43,"column":10}},"loc":{"start":{"line":43,"column":20},"end":{"line":52,"column":3}},"line":43}},"branchMap":{},"s":{"0":2,"1":81,"2":81,"3":81,"4":81,"5":2,"6":7,"7":0},"f":{"0":81,"1":7,"2":0},"b":{},"_coverageSchema":"1a1c01bbd47fc00a2c39e90264f33305004495a9","hash":"a189ee94f2f72f703578873c6a5d4ae6736b3b30"}
,"C:\\Users\\Saiteja NV\\Desktop\\Chikki2.0\\Chikki2.0\\React\\namaste-react\\src\\components\\RestaurantCategory.js": {"path":"C:\\Users\\Saiteja NV\\Desktop\\Chikki2.0\\Chikki2.0\\React\\namaste-react\\src\\components\\RestaurantCategory.js","statementMap":{"0":{"start":{"line":4,"column":27},"end":{"line":20,"column":1}},"1":{"start":{"line":6,"column":24},"end":{"line":8,"column":5}},"2":{"start":{"line":7,"column":8},"end":{"line":7,"column":23}},"3":{"start":{"line":9,"column":4},"end":{"line":19,"column":5}}},"fnMap":{"0":{"name":"(anonymous_0)","decl":{"start":{"line":4,"column":27},"end":{"line":4,"column":28}},"loc":{"start":{"line":4,"column":64},"end":{"line":20,"column":1}},"line":4},"1":{"name":"(anonymous_1)","decl":{"start":{"line":6,"column":24},"end":{"line":6,"column":25}},"loc":{"start":{"line":6,"column":30},"end":{"line":8,"column":5}},"line":6}},"branchMap":{"0":{"loc":{"start":{"line":16,"column":17},"end":{"line":16,"column":64}},"type":"binary-expr","locations":[{"start":{"line":16,"column":17},"end":{"line":16,"column":26}},{"start":{"line":16,"column":30},"end":{"line":16,"column":64}}],"line":16}},"s":{"0":1,"1":12,"2":1,"3":12},"f":{"0":12,"1":1},"b":{"0":[12,1]},"_coverageSchema":"1a1c01bbd47fc00a2c39e90264f33305004495a9","hash":"8c009ba101239d3253473238ffd35ce3245e1b9a"}
,"C:\\Users\\Saiteja NV\\Desktop\\Chikki2.0\\Chikki2.0\\React\\namaste-react\\src\\components\\RestaurantMenu.js": {"path":"C:\\Users\\Saiteja NV\\Desktop\\Chikki2.0\\Chikki2.0\\React\\namaste-react\\src\\components\\RestaurantMenu.js","statementMap":{"0":{"start":{"line":7,"column":23},"end":{"line":53,"column":1}},"1":{"start":{"line":9,"column":20},"end":{"line":9,"column":31}},"2":{"start":{"line":11,"column":20},"end":{"line":11,"column":44}},"3":{"start":{"line":13,"column":38},"end":{"line":13,"column":52}},"4":{"start":{"line":15,"column":4},"end":{"line":15,"column":43}},"5":{"start":{"line":15,"column":26},"end":{"line":15,"column":43}},"6":{"start":{"line":18,"column":8},"end":{"line":18,"column":43}},"7":{"start":{"line":20,"column":24},"end":{"line":20,"column":99}},"8":{"start":{"line":22,"column":23},"end":{"line":24,"column":5}},"9":{"start":{"line":23,"column":13},"end":{"line":23,"column":103}},"10":{"start":{"line":26,"column":4},"end":{"line":26,"column":28}},"11":{"start":{"line":27,"column":4},"end":{"line":52,"column":5}},"12":{"start":{"line":39,"column":16},"end":{"line":39,"column":37}},"13":{"start":{"line":40,"column":16},"end":{"line":40,"column":35}},"14":{"start":{"line":41,"column":16},"end":{"line":41,"column":41}},"15":{"start":{"line":42,"column":16},"end":{"line":42,"column":39}},"16":{"start":{"line":43,"column":16},"end":{"line":49,"column":23}},"17":{"start":{"line":48,"column":40},"end":{"line":48,"column":59}}},"fnMap":{"0":{"name":"(anonymous_0)","decl":{"start":{"line":7,"column":23},"end":{"line":7,"column":24}},"loc":{"start":{"line":7,"column":29},"end":{"line":53,"column":1}},"line":7},"1":{"name":"(anonymous_1)","decl":{"start":{"line":23,"column":8},"end":{"line":23,"column":9}},"loc":{"start":{"line":23,"column":13},"end":{"line":23,"column":103}},"line":23},"2":{"name":"(anonymous_2)","decl":{"start":{"line":38,"column":28},"end":{"line":38,"column":29}},"loc":{"start":{"line":38,"column":49},"end":{"line":50,"column":13}},"line":38},"3":{"name":"(anonymous_3)","decl":{"start":{"line":48,"column":34},"end":{"line":48,"column":35}},"loc":{"start":{"line":48,"column":40},"end":{"line":48,"column":59}},"line":48}},"branchMap":{"0":{"loc":{"start":{"line":15,"column":4},"end":{"line":15,"column":43}},"type":"if","locations":[{"start":{"line":15,"column":4},"end":{"line":15,"column":43}},{"start":{},"end":{}}],"line":15},"1":{"loc":{"start":{"line":47,"column":31},"end":{"line":47,"column":64}},"type":"cond-expr","locations":[{"start":{"line":47,"column":53},"end":{"line":47,"column":57}},{"start":{"line":47,"column":59},"end":{"line":47,"column":64}}],"line":47}},"s":{"0":1,"1":3,"2":3,"3":3,"4":3,"5":1,"6":2,"7":2,"8":2,"9":22,"10":2,"11":2,"12":12,"13":12,"14":12,"15":12,"16":12,"17":1},"f":{"0":3,"1":22,"2":12,"3":1},"b":{"0":[1,2],"1":[1,11]},"_coverageSchema":"1a1c01bbd47fc00a2c39e90264f33305004495a9","hash":"99d6c2da782eb3acf5a6d7c45981fc2a846e1c81"}
,"C:\\Users\\Saiteja NV\\Desktop\\Chikki2.0\\Chikki2.0\\React\\namaste-react\\src\\components\\Shimmer.js": {"path":"C:\\Users\\Saiteja NV\\Desktop\\Chikki2.0\\Chikki2.0\\React\\namaste-react\\src\\components\\Shimmer.js","statementMap":{"0":{"start":{"line":1,"column":16},"end":{"line":10,"column":1}},"1":{"start":{"line":2,"column":4},"end":{"line":9,"column":10}}},"fnMap":{"0":{"name":"(anonymous_0)","decl":{"start":{"line":1,"column":16},"end":{"line":1,"column":17}},"loc":{"start":{"line":1,"column":22},"end":{"line":10,"column":1}},"line":1}},"branchMap":{},"s":{"0":2,"1":3},"f":{"0":3},"b":{},"_coverageSchema":"1a1c01bbd47fc00a2c39e90264f33305004495a9","hash":"2e3316a36ac42a9c6ecf68d5ffe803da5f0e300c"}
,"C:\\Users\\Saiteja NV\\Desktop\\Chikki2.0\\Chikki2.0\\React\\namaste-react\\src\\components\\sum.js": {"path":"C:\\Users\\Saiteja NV\\Desktop\\Chikki2.0\\Chikki2.0\\React\\namaste-react\\src\\components\\sum.js","statementMap":{"0":{"start":{"line":1,"column":19},"end":{"line":3,"column":1}},"1":{"start":{"line":2,"column":4},"end":{"line":2,"column":17}}},"fnMap":{"0":{"name":"(anonymous_0)","decl":{"start":{"line":1,"column":19},"end":{"line":1,"column":20}},"loc":{"start":{"line":1,"column":28},"end":{"line":3,"column":1}},"line":1}},"branchMap":{},"s":{"0":1,"1":1},"f":{"0":1},"b":{},"_coverageSchema":"1a1c01bbd47fc00a2c39e90264f33305004495a9","hash":"af266048316ac8d84f5e41e363e1f78dd1b5ada6"}
,"C:\\Users\\Saiteja NV\\Desktop\\Chikki2.0\\Chikki2.0\\React\\namaste-react\\src\\utils\\UserContext.js": {"path":"C:\\Users\\Saiteja NV\\Desktop\\Chikki2.0\\Chikki2.0\\React\\namaste-react\\src\\utils\\UserContext.js","statementMap":{"0":{"start":{"line":3,"column":20},"end":{"line":5,"column":2}}},"fnMap":{},"branchMap":{},"s":{"0":4},"f":{},"b":{},"_coverageSchema":"1a1c01bbd47fc00a2c39e90264f33305004495a9","hash":"af081c8ad8dff06e445149ab9d25c2a1ab571821"}
,"C:\\Users\\Saiteja NV\\Desktop\\Chikki2.0\\Chikki2.0\\React\\namaste-react\\src\\utils\\appStore.js": {"path":"C:\\Users\\Saiteja NV\\Desktop\\Chikki2.0\\Chikki2.0\\React\\namaste-react\\src\\utils\\appStore.js","statementMap":{"0":{"start":{"line":1,"column":27},"end":{"line":1,"column":54}},"1":{"start":{"line":4,"column":17},"end":{"line":8,"column":2}}},"fnMap":{},"branchMap":{},"s":{"0":2,"1":2},"f":{},"b":{},"_coverageSchema":"1a1c01bbd47fc00a2c39e90264f33305004495a9","hash":"fb7808efe60f2046f1f4c1cba8852e362219a191"}
,"C:\\Users\\Saiteja NV\\Desktop\\Chikki2.0\\Chikki2.0\\React\\namaste-react\\src\\utils\\cartSlice.js": {"path":"C:\\Users\\Saiteja NV\\Desktop\\Chikki2.0\\Chikki2.0\\React\\namaste-react\\src\\utils\\cartSlice.js","statementMap":{"0":{"start":{"line":3,"column":18},"end":{"line":20,"column":2}},"1":{"start":{"line":11,"column":12},"end":{"line":11,"column":45}},"2":{"start":{"line":14,"column":12},"end":{"line":14,"column":30}},"3":{"start":{"line":17,"column":12},"end":{"line":17,"column":35}},"4":{"start":{"line":22,"column":51},"end":{"line":22,"column":68}}},"fnMap":{"0":{"name":"(anonymous_0)","decl":{"start":{"line":9,"column":17},"end":{"line":9,"column":18}},"loc":{"start":{"line":9,"column":36},"end":{"line":12,"column":9}},"line":9},"1":{"name":"(anonymous_1)","decl":{"start":{"line":13,"column":20},"end":{"line":13,"column":21}},"loc":{"start":{"line":13,"column":31},"end":{"line":15,"column":9}},"line":13},"2":{"name":"(anonymous_2)","decl":{"start":{"line":16,"column":19},"end":{"line":16,"column":20}},"loc":{"start":{"line":16,"column":30},"end":{"line":18,"column":9}},"line":16}},"branchMap":{},"s":{"0":2,"1":2,"2":0,"3":1,"4":2},"f":{"0":2,"1":0,"2":1},"b":{},"_coverageSchema":"1a1c01bbd47fc00a2c39e90264f33305004495a9","hash":"e49ae874503c54a77d399186a12c6b4048f1fa5c"}
,"C:\\Users\\Saiteja NV\\Desktop\\Chikki2.0\\Chikki2.0\\React\\namaste-react\\src\\utils\\constants.js": {"path":"C:\\Users\\Saiteja NV\\Desktop\\Chikki2.0\\Chikki2.0\\React\\namaste-react\\src\\utils\\constants.js","statementMap":{"0":{"start":{"line":1,"column":23},"end":{"line":1,"column":105}},"1":{"start":{"line":3,"column":24},"end":{"line":3,"column":96}},"2":{"start":{"line":5,"column":24},"end":{"line":5,"column":147}}},"fnMap":{},"branchMap":{},"s":{"0":4,"1":4,"2":4},"f":{},"b":{},"_coverageSchema":"1a1c01bbd47fc00a2c39e90264f33305004495a9","hash":"149dbab6302bb23bab86d1629035c7747ba628b6"}
,"C:\\Users\\Saiteja NV\\Desktop\\Chikki2.0\\Chikki2.0\\React\\namaste-react\\src\\utils\\useOnlineStatus.js": {"path":"C:\\Users\\Saiteja NV\\Desktop\\Chikki2.0\\Chikki2.0\\React\\namaste-react\\src\\utils\\useOnlineStatus.js","statementMap":{"0":{"start":{"line":3,"column":24},"end":{"line":21,"column":1}},"1":{"start":{"line":6,"column":44},"end":{"line":6,"column":58}},"2":{"start":{"line":8,"column":4},"end":{"line":18,"column":11}},"3":{"start":{"line":10,"column":8},"end":{"line":12,"column":11}},"4":{"start":{"line":11,"column":12},"end":{"line":11,"column":35}},"5":{"start":{"line":14,"column":8},"end":{"line":16,"column":11}},"6":{"start":{"line":15,"column":12},"end":{"line":15,"column":34}},"7":{"start":{"line":20,"column":4},"end":{"line":20,"column":24}}},"fnMap":{"0":{"name":"(anonymous_0)","decl":{"start":{"line":3,"column":24},"end":{"line":3,"column":25}},"loc":{"start":{"line":3,"column":30},"end":{"line":21,"column":1}},"line":3},"1":{"name":"(anonymous_1)","decl":{"start":{"line":8,"column":14},"end":{"line":8,"column":15}},"loc":{"start":{"line":8,"column":20},"end":{"line":18,"column":5}},"line":8},"2":{"name":"(anonymous_2)","decl":{"start":{"line":10,"column":43},"end":{"line":10,"column":44}},"loc":{"start":{"line":10,"column":47},"end":{"line":12,"column":9}},"line":10},"3":{"name":"(anonymous_3)","decl":{"start":{"line":14,"column":42},"end":{"line":14,"column":43}},"loc":{"start":{"line":14,"column":46},"end":{"line":16,"column":9}},"line":14}},"branchMap":{},"s":{"0":3,"1":16,"2":16,"3":7,"4":0,"5":7,"6":0,"7":16},"f":{"0":16,"1":7,"2":0,"3":0},"b":{},"_coverageSchema":"1a1c01bbd47fc00a2c39e90264f33305004495a9","hash":"a95320ef6ac21d60237db4126c4c73eb9c329797"}
,"C:\\Users\\Saiteja NV\\Desktop\\Chikki2.0\\Chikki2.0\\React\\namaste-react\\src\\utils\\useRestaurantMenu.js": {"path":"C:\\Users\\Saiteja NV\\Desktop\\Chikki2.0\\Chikki2.0\\React\\namaste-react\\src\\utils\\useRestaurantMenu.js","statementMap":{"0":{"start":{"line":4,"column":26},"end":{"line":19,"column":1}},"1":{"start":{"line":6,"column":34},"end":{"line":6,"column":48}},"2":{"start":{"line":8,"column":4},"end":{"line":10,"column":11}},"3":{"start":{"line":9,"column":8},"end":{"line":9,"column":20}},"4":{"start":{"line":12,"column":22},"end":{"line":16,"column":5}},"5":{"start":{"line":13,"column":21},"end":{"line":13,"column":50}},"6":{"start":{"line":14,"column":21},"end":{"line":14,"column":38}},"7":{"start":{"line":15,"column":8},"end":{"line":15,"column":30}},"8":{"start":{"line":18,"column":4},"end":{"line":18,"column":19}}},"fnMap":{"0":{"name":"(anonymous_0)","decl":{"start":{"line":4,"column":26},"end":{"line":4,"column":27}},"loc":{"start":{"line":4,"column":37},"end":{"line":19,"column":1}},"line":4},"1":{"name":"(anonymous_1)","decl":{"start":{"line":8,"column":14},"end":{"line":8,"column":15}},"loc":{"start":{"line":8,"column":20},"end":{"line":10,"column":5}},"line":8},"2":{"name":"(anonymous_2)","decl":{"start":{"line":12,"column":22},"end":{"line":12,"column":23}},"loc":{"start":{"line":12,"column":34},"end":{"line":16,"column":5}},"line":12}},"branchMap":{},"s":{"0":1,"1":3,"2":3,"3":1,"4":3,"5":1,"6":1,"7":1,"8":3},"f":{"0":3,"1":1,"2":1},"b":{},"_coverageSchema":"1a1c01bbd47fc00a2c39e90264f33305004495a9","hash":"98821b64ce0d5195a73ff4743959f7454d7b7443"}
}
